<?xml version="1.0" encoding="UTF-8"?>
<!-- Generated by org.testng.reporters.JUnitReportReporter -->
<testsuite hostname="DESKTOP-C611VH5" failures="0" tests="1" name="Day15.TestNgArchitecture" time="0.019" errors="0" timestamp="31 May 2023 02:24:16 GMT" skipped="0">
  <testcase classname="Day15.TestNgArchitecture" name="tc1login" time="0.019"/>
</testsuite> <!-- Day15.TestNgArchitecture -->
