<?xml version="1.0" encoding="UTF-8"?>
<!-- Generated by org.testng.reporters.JUnitReportReporter -->
<testsuite hostname="DESKTOP-C611VH5" failures="0" tests="1" name="Day15.TestNGOptions" time="0.033" errors="0" timestamp="31 May 2023 02:12:34 GMT" skipped="0">
  <testcase classname="Day15.TestNGOptions" name="click" time="0.033"/>
</testsuite> <!-- Day15.TestNGOptions -->
