<?xml version="1.0" encoding="UTF-8"?>
<!-- Generated by org.testng.reporters.JUnitReportReporter -->
<testsuite hostname="DESKTOP-C611VH5" failures="0" tests="4" name="Day14.TestngDay1" time="0.014" errors="0" timestamp="30 May 2023 02:27:00 GMT" skipped="0">
  <testcase classname="Day14.TestngDay1" name="firsttestng" time="0.011"/>
  <testcase classname="Day14.TestngDay1" name="Secondtestng" time="0.001"/>
  <testcase classname="Day14.TestngDay1" name="Thirdtestng" time="0.000"/>
  <testcase classname="Day14.TestngDay1" name="Fourthtestng" time="0.002"/>
</testsuite> <!-- Day14.TestngDay1 -->
