<?xml version="1.0" encoding="UTF-8"?>
<!-- Generated by org.testng.reporters.JUnitReportReporter -->
<testsuite hostname="DESKTOP-C611VH5" failures="0" tests="1" name="Day15.TestNGDriver" time="3.309" errors="0" timestamp="31 May 2023 02:43:29 GMT" skipped="0">
  <testcase classname="Day15.TestNGDriver" name="login" time="3.309"/>
</testsuite> <!-- Day15.TestNGDriver -->
